{
  "RSpec": {
    "coverage": {
      "/Users/ct37248/Sites/simple_cms/spec/subject_spec.rb": [
        null,
        1,
        null,
        1,
        null,
        1,
        1,
        1,
        null,
        null,
        1,
        null,
        1,
        1,
        null,
        null,
        null
      ],
      "/Users/ct37248/Sites/simple_cms/spec/rails_helper.rb": [
        null,
        1,
        1,
        null,
        1,
        1,
        1,
        null,
        null,
        null,
        null,
        null,
        null,
        null,
        null,
        null,
        null,
        null,
        null,
        null,
        null,
        null,
        null,
        2,
        null,
        null,
        null,
        1,
        null,
        1,
        null,
        1,
        null,
        null,
        null,
        null,
        1,
        null,
        null,
        null,
        null,
        null,
        null,
        null,
        null,
        null,
        null,
        null,
        null,
        null,
        null,
        1,
        null
      ],
      "/Users/ct37248/Sites/simple_cms/config/environment.rb": [
        null,
        1,
        null,
        null,
        1
      ],
      "/Users/ct37248/Sites/simple_cms/config/application.rb": [
        1,
        null,
        1,
        null,
        null,
        null,
        1,
        null,
        1,
        1,
        null,
        null,
        null,
        null,
        null,
        null,
        null,
        null,
        null,
        null,
        null,
        null,
        null
      ],
      "/Users/ct37248/Sites/simple_cms/config/boot.rb": [
        null,
        1,
        null,
        1
      ],
      "/Users/ct37248/Sites/simple_cms/config/environments/test.rb": [
        1,
        null,
        null,
        null,
        null,
        null,
        null,
        1,
        null,
        null,
        null,
        null,
        1,
        null,
        null,
        1,
        1,
        null,
        null,
        1,
        1,
        null,
        null,
        1,
        null,
        null,
        1,
        null,
        null,
        null,
        null,
        1,
        null,
        null,
        1,
        null
      ],
      "/Users/ct37248/Sites/simple_cms/config/initializers/backtrace_silencers.rb": [
        null,
        null,
        null,
        null,
        null,
        null,
        null
      ],
      "/Users/ct37248/Sites/simple_cms/config/initializers/filter_parameter_logging.rb": [
        null,
        null,
        null,
        1
      ],
      "/Users/ct37248/Sites/simple_cms/config/initializers/inflections.rb": [
        null,
        null,
        null,
        null,
        null,
        null,
        null,
        null,
        null,
        null,
        null,
        null,
        null,
        null,
        null,
        null
      ],
      "/Users/ct37248/Sites/simple_cms/config/initializers/mime_types.rb": [
        null,
        null,
        null,
        null,
        null
      ],
      "/Users/ct37248/Sites/simple_cms/config/initializers/secret_token.rb": [
        null,
        null,
        null,
        null,
        null,
        null,
        null,
        null,
        null,
        null,
        null,
        1
      ],
      "/Users/ct37248/Sites/simple_cms/config/initializers/session_store.rb": [
        null,
        null,
        1
      ],
      "/Users/ct37248/Sites/simple_cms/config/initializers/wrap_parameters.rb": [
        null,
        null,
        null,
        null,
        null,
        null,
        1,
        1,
        null,
        null,
        null,
        null,
        null,
        null
      ],
      "/Users/ct37248/Sites/simple_cms/spec/factories.rb": [
        null,
        1,
        1,
        1,
        1,
        1,
        null,
        null
      ],
      "/Users/ct37248/Sites/simple_cms/config/routes.rb": [
        1,
        null,
        1,
        null,
        null,
        1,
        null,
        null,
        null,
        null,
        null,
        null,
        null,
        null,
        null,
        null,
        null,
        null,
        null,
        null,
        null,
        null,
        null,
        null,
        null,
        null,
        null,
        null,
        null,
        null,
        null,
        null,
        null,
        null,
        null,
        null,
        null,
        null,
        null,
        null,
        null,
        null,
        null,
        null,
        null,
        null,
        null,
        null,
        null,
        null,
        null,
        null,
        null,
        null,
        null,
        null,
        null,
        null,
        null,
        null,
        null,
        null
      ],
      "/Users/ct37248/Sites/simple_cms/app/helpers/application_helper.rb": [
        1,
        null,
        1,
        0,
        null,
        null,
        null,
        1,
        0,
        0,
        null,
        0,
        0,
        null,
        0,
        null,
        null,
        null,
        null
      ],
      "/Users/ct37248/Sites/simple_cms/app/helpers/demo_helper.rb": [
        1,
        null
      ],
      "/Users/ct37248/Sites/simple_cms/app/helpers/pages_helper.rb": [
        1,
        null
      ],
      "/Users/ct37248/Sites/simple_cms/app/helpers/sections_helper.rb": [
        1,
        null
      ],
      "/Users/ct37248/Sites/simple_cms/app/helpers/subjects_helper.rb": [
        1,
        null,
        null,
        null
      ],
      "/Users/ct37248/Sites/simple_cms/spec/support/factory_girl.rb": [
        null,
        null,
        null,
        1,
        null,
        1,
        1,
        null,
        null,
        null,
        null,
        null,
        null,
        null,
        null,
        null,
        null,
        null,
        null,
        null,
        null,
        null,
        null,
        null,
        null,
        null,
        null,
        null,
        null,
        null,
        null,
        null,
        null,
        null,
        null,
        null
      ],
      "/Users/ct37248/Sites/simple_cms/app/models/subject.rb": [
        1,
        null,
        1,
        null,
        null,
        null,
        1,
        1,
        null,
        null,
        null,
        null,
        1,
        1,
        1,
        1,
        1,
        0,
        null,
        null,
        null
      ]
    },
    "timestamp": 1437672901
  }
}
